Projeto Alex/Library/Bee/Android/Prj/Mono2x/Gradle/launcher/build/intermediates/manifest_merge_blame_file/release/manifest-merger-blame-release-report.txt
1<?xml version="1.0" encoding="utf-8"?>
2<manifest xmlns:android="http://schemas.android.com/apk/res/android"
3    package="com.FazedoresdeJogos.RAUSINADEBIOMASSA"
4    android:installLocation="preferExternal"
5    android:versionCode="1"
6    android:versionName="0.2" >
7
8    <uses-sdk
9        android:minSdkVersion="26"
9-->src\main\AndroidManifest.xml
10        android:targetSdkVersion="30" />
10-->src\main\AndroidManifest.xml
11
12    <supports-screens
12-->src\main\AndroidManifest.xml:3:3-163
13        android:anyDensity="true"
13-->src\main\AndroidManifest.xml:3:135-160
14        android:largeScreens="true"
14-->src\main\AndroidManifest.xml:3:78-105
15        android:normalScreens="true"
15-->src\main\AndroidManifest.xml:3:49-77
16        android:smallScreens="true"
16-->src\main\AndroidManifest.xml:3:21-48
17        android:xlargeScreens="true" />
17-->src\main\AndroidManifest.xml:3:106-134
18
19    <uses-feature android:glEsVersion="0x00030000" />
19-->[:unityLibrary] AndroidManifest.xml:12:5-54
19-->[:unityLibrary] AndroidManifest.xml:12:19-51
20    <uses-feature
20-->[:unityLibrary] AndroidManifest.xml:13:5-15:36
21        android:name="android.hardware.vulkan.version"
21-->[:unityLibrary] AndroidManifest.xml:14:9-55
22        android:required="false" />
22-->[:unityLibrary] AndroidManifest.xml:15:9-33
23
24    <uses-permission android:name="android.permission.INTERNET" />
24-->[:unityLibrary] AndroidManifest.xml:17:5-67
24-->[:unityLibrary] AndroidManifest.xml:17:22-64
25    <uses-permission android:name="android.permission.CAMERA" />
25-->[:unityLibrary] AndroidManifest.xml:18:5-65
25-->[:unityLibrary] AndroidManifest.xml:18:22-62
26
27    <uses-feature
27-->[:unityLibrary] AndroidManifest.xml:20:5-22:36
28        android:name="android.hardware.camera"
28-->[:unityLibrary] AndroidManifest.xml:21:9-47
29        android:required="true" />
29-->[:unityLibrary] AndroidManifest.xml:22:9-33
30    <uses-feature
30-->[:unityLibrary] AndroidManifest.xml:23:5-25:36
31        android:name="android.hardware.camera.autofocus"
31-->[:unityLibrary] AndroidManifest.xml:24:9-57
32        android:required="false" />
32-->[:unityLibrary] AndroidManifest.xml:25:9-33
33    <uses-feature
33-->[:unityLibrary] AndroidManifest.xml:26:5-28:36
34        android:name="android.hardware.camera.front"
34-->[:unityLibrary] AndroidManifest.xml:27:9-53
35        android:required="false" />
35-->[:unityLibrary] AndroidManifest.xml:28:9-33
36    <uses-feature
36-->[:unityLibrary] AndroidManifest.xml:29:5-31:36
37        android:name="android.hardware.touchscreen"
37-->[:unityLibrary] AndroidManifest.xml:30:9-52
38        android:required="false" />
38-->[:unityLibrary] AndroidManifest.xml:31:9-33
39    <uses-feature
39-->[:unityLibrary] AndroidManifest.xml:32:5-34:36
40        android:name="android.hardware.touchscreen.multitouch"
40-->[:unityLibrary] AndroidManifest.xml:33:9-63
41        android:required="false" />
41-->[:unityLibrary] AndroidManifest.xml:34:9-33
42    <uses-feature
42-->[:unityLibrary] AndroidManifest.xml:35:5-37:36
43        android:name="android.hardware.touchscreen.multitouch.distinct"
43-->[:unityLibrary] AndroidManifest.xml:36:9-72
44        android:required="false" />
44-->[:unityLibrary] AndroidManifest.xml:37:9-33
45
46    <queries>
46-->[com.google.ar:core:1.22.0] AndroidManifest.xml:29:5-31:15
47        <package android:name="com.google.ar.core" />
47-->[com.google.ar:core:1.22.0] AndroidManifest.xml:30:9-54
47-->[com.google.ar:core:1.22.0] AndroidManifest.xml:30:18-51
48    </queries>
49
50    <uses-permission android:name="android.permission.READ_EXTERNAL_STORAGE" />
50-->[:NativeGallery:] AndroidManifest.xml:4:2-98
50-->[:NativeGallery:] AndroidManifest.xml:4:19-74
51    <uses-permission android:name="android.permission.WRITE_EXTERNAL_STORAGE" />
51-->[:NativeGallery:] AndroidManifest.xml:5:2-99
51-->[:NativeGallery:] AndroidManifest.xml:5:19-75
52    <uses-permission android:name="android.permission.READ_MEDIA_IMAGES" />
52-->[:NativeGallery:] AndroidManifest.xml:6:2-94
52-->[:NativeGallery:] AndroidManifest.xml:6:19-70
53    <uses-permission android:name="android.permission.READ_MEDIA_VIDEO" />
53-->[:NativeGallery:] AndroidManifest.xml:7:2-93
53-->[:NativeGallery:] AndroidManifest.xml:7:19-69
54    <uses-permission android:name="android.permission.READ_MEDIA_AUDIO" />
54-->[:NativeGallery:] AndroidManifest.xml:8:2-93
54-->[:NativeGallery:] AndroidManifest.xml:8:19-69
55    <!--
56        Required by Vuforia: Add this permission to access IMU sensors at high rate
57        for device tracker functionality on Android 12+.
58    -->
59    <uses-permission android:name="android.permission.HIGH_SAMPLING_RATE_SENSORS" /> <!-- Required by Vuforia: Add this permission to allow checking of network. -->
59-->[:VuforiaEngine:] AndroidManifest.xml:16:5-85
59-->[:VuforiaEngine:] AndroidManifest.xml:16:22-82
60    <uses-permission android:name="android.permission.ACCESS_NETWORK_STATE" />
60-->[:VuforiaEngine:] AndroidManifest.xml:19:5-79
60-->[:VuforiaEngine:] AndroidManifest.xml:19:22-76
61
62    <application
62-->src\main\AndroidManifest.xml:4:3-83
63        android:extractNativeLibs="true"
63-->[:unityLibrary] AndroidManifest.xml:39:18-50
64        android:icon="@mipmap/app_icon"
64-->src\main\AndroidManifest.xml:4:49-80
65        android:label="@string/app_name"
65-->src\main\AndroidManifest.xml:4:16-48
66        android:requestLegacyExternalStorage="true" >
66-->[:NativeGallery:] AndroidManifest.xml:9:15-58
67        <activity
67-->[:unityLibrary] AndroidManifest.xml:40:9-60:20
68            android:name="com.unity3d.player.UnityPlayerActivity"
68-->[:unityLibrary] AndroidManifest.xml:41:13-66
69            android:configChanges="mcc|mnc|locale|touchscreen|keyboard|keyboardHidden|navigation|orientation|screenLayout|uiMode|screenSize|smallestScreenSize|fontScale|layoutDirection|density"
69-->[:unityLibrary] AndroidManifest.xml:42:13-194
70            android:hardwareAccelerated="false"
70-->[:unityLibrary] AndroidManifest.xml:43:13-48
71            android:launchMode="singleTask"
71-->[:unityLibrary] AndroidManifest.xml:44:13-44
72            android:resizeableActivity="false"
72-->[:unityLibrary] AndroidManifest.xml:45:13-47
73            android:screenOrientation="reverseLandscape"
73-->[:unityLibrary] AndroidManifest.xml:46:13-57
74            android:theme="@style/UnityThemeSelector" >
74-->[:unityLibrary] AndroidManifest.xml:47:13-54
75            <intent-filter>
75-->[:unityLibrary] AndroidManifest.xml:48:13-52:29
76                <action android:name="android.intent.action.MAIN" />
76-->[:unityLibrary] AndroidManifest.xml:49:17-69
76-->[:unityLibrary] AndroidManifest.xml:49:25-66
77
78                <category android:name="android.intent.category.LAUNCHER" />
78-->[:unityLibrary] AndroidManifest.xml:51:17-77
78-->[:unityLibrary] AndroidManifest.xml:51:27-74
79            </intent-filter>
80
81            <meta-data
81-->[:unityLibrary] AndroidManifest.xml:54:13-56:40
82                android:name="unityplayer.UnityActivity"
82-->[:unityLibrary] AndroidManifest.xml:55:17-57
83                android:value="true" />
83-->[:unityLibrary] AndroidManifest.xml:56:17-37
84            <meta-data
84-->[:unityLibrary] AndroidManifest.xml:57:13-59:40
85                android:name="android.notch_support"
85-->[:unityLibrary] AndroidManifest.xml:58:17-53
86                android:value="true" />
86-->[:unityLibrary] AndroidManifest.xml:59:17-37
87        </activity>
88
89        <meta-data
89-->[:unityLibrary] AndroidManifest.xml:62:9-64:33
90            android:name="unity.splash-mode"
90-->[:unityLibrary] AndroidManifest.xml:63:13-45
91            android:value="0" />
91-->[:unityLibrary] AndroidManifest.xml:64:13-30
92        <meta-data
92-->[:unityLibrary] AndroidManifest.xml:65:9-67:36
93            android:name="unity.splash-enable"
93-->[:unityLibrary] AndroidManifest.xml:66:13-47
94            android:value="True" />
94-->[:unityLibrary] AndroidManifest.xml:67:13-33
95        <meta-data
95-->[:unityLibrary] AndroidManifest.xml:68:9-70:36
96            android:name="unity.launch-fullscreen"
96-->[:unityLibrary] AndroidManifest.xml:69:13-51
97            android:value="True" />
97-->[:unityLibrary] AndroidManifest.xml:70:13-33
98        <meta-data
98-->[:unityLibrary] AndroidManifest.xml:71:9-73:37
99            android:name="unity.allow-resizable-window"
99-->[:unityLibrary] AndroidManifest.xml:72:13-56
100            android:value="False" />
100-->[:unityLibrary] AndroidManifest.xml:73:13-34
101        <meta-data
101-->[:unityLibrary] AndroidManifest.xml:74:9-76:50
102            android:name="notch.config"
102-->[:unityLibrary] AndroidManifest.xml:75:13-40
103            android:value="portrait|landscape" />
103-->[:unityLibrary] AndroidManifest.xml:76:13-47
104        <meta-data
104-->[:unityLibrary] AndroidManifest.xml:77:9-79:40
105            android:name="com.google.ar.core"
105-->[:unityLibrary] AndroidManifest.xml:78:13-46
106            android:value="optional" /> <!-- The minimal version code of ARCore APK required for an app using this SDK. -->
106-->[:unityLibrary] AndroidManifest.xml:79:13-37
107        <meta-data
107-->[com.google.ar:core:1.22.0] AndroidManifest.xml:36:9-38:41
108            android:name="com.google.ar.core.min_apk_version"
108-->[com.google.ar:core:1.22.0] AndroidManifest.xml:37:13-62
109            android:value="202940000" /> <!-- This activity is critical for installing ARCore when it is not already present. -->
109-->[com.google.ar:core:1.22.0] AndroidManifest.xml:38:13-38
110        <activity
110-->[com.google.ar:core:1.22.0] AndroidManifest.xml:40:9-46:80
111            android:name="com.google.ar.core.InstallActivity"
111-->[com.google.ar:core:1.22.0] AndroidManifest.xml:41:13-62
112            android:configChanges="keyboardHidden|orientation|screenSize"
112-->[com.google.ar:core:1.22.0] AndroidManifest.xml:42:13-74
113            android:excludeFromRecents="true"
113-->[com.google.ar:core:1.22.0] AndroidManifest.xml:43:13-46
114            android:exported="false"
114-->[com.google.ar:core:1.22.0] AndroidManifest.xml:44:13-37
115            android:launchMode="singleTop"
115-->[com.google.ar:core:1.22.0] AndroidManifest.xml:45:13-43
116            android:theme="@android:style/Theme.Material.Light.Dialog.Alert" />
116-->[com.google.ar:core:1.22.0] AndroidManifest.xml:46:13-77
117
118        <provider
118-->[:VuforiaEngine:] AndroidManifest.xml:25:9-33:20
119            android:name="com.vuforia.engine.app.VuforiaContentProvider"
119-->[:VuforiaEngine:] AndroidManifest.xml:26:13-73
120            android:authorities="com.FazedoresdeJogos.RAUSINADEBIOMASSA.vuforia.share"
120-->[:VuforiaEngine:] AndroidManifest.xml:27:13-65
121            android:exported="false"
121-->[:VuforiaEngine:] AndroidManifest.xml:28:13-37
122            android:grantUriPermissions="true" >
122-->[:VuforiaEngine:] AndroidManifest.xml:29:13-47
123            <meta-data
123-->[:VuforiaEngine:] AndroidManifest.xml:30:13-32:53
124                android:name="android.support.FILE_PROVIDER_PATHS"
124-->[:VuforiaEngine:] AndroidManifest.xml:31:17-67
125                android:resource="@xml/filepaths" />
125-->[:VuforiaEngine:] AndroidManifest.xml:32:17-50
126        </provider>
127    </application>
128
129</manifest>